\BOOKMARK [0][-]{chapter.1}{\376\377\0001\000\040\000a\000e\000d\000\137\000p\000r\000o\000j\000e\000c\000t\0002}{}% 1
\BOOKMARK [0][-]{chapter.2}{\376\377\0002\000\040\000C\000l\000a\000s\000s\000\040\000I\000n\000d\000e\000x}{}% 2
\BOOKMARK [1][-]{section.2.1}{\376\377\0002\000.\0001\000\040\000C\000l\000a\000s\000s\000\040\000L\000i\000s\000t}{chapter.2}% 3
\BOOKMARK [0][-]{chapter.3}{\376\377\0003\000\040\000F\000i\000l\000e\000\040\000I\000n\000d\000e\000x}{}% 4
\BOOKMARK [1][-]{section.3.1}{\376\377\0003\000.\0001\000\040\000F\000i\000l\000e\000\040\000L\000i\000s\000t}{chapter.3}% 5
\BOOKMARK [0][-]{chapter.4}{\376\377\0004\000\040\000C\000l\000a\000s\000s\000\040\000D\000o\000c\000u\000m\000e\000n\000t\000a\000t\000i\000o\000n}{}% 6
\BOOKMARK [1][-]{section.4.1}{\376\377\0004\000.\0001\000\040\000A\000i\000r\000l\000i\000n\000e\000\040\000C\000l\000a\000s\000s\000\040\000R\000e\000f\000e\000r\000e\000n\000c\000e}{chapter.4}% 7
\BOOKMARK [2][-]{subsection.4.1.1}{\376\377\0004\000.\0001\000.\0001\000\040\000D\000e\000t\000a\000i\000l\000e\000d\000\040\000D\000e\000s\000c\000r\000i\000p\000t\000i\000o\000n}{section.4.1}% 8
\BOOKMARK [2][-]{subsection.4.1.2}{\376\377\0004\000.\0001\000.\0002\000\040\000C\000o\000n\000s\000t\000r\000u\000c\000t\000o\000r\000\040\000\046\000\040\000D\000e\000s\000t\000r\000u\000c\000t\000o\000r\000\040\000D\000o\000c\000u\000m\000e\000n\000t\000a\000t\000i\000o\000n}{section.4.1}% 9
\BOOKMARK [3][-]{subsubsection.4.1.2.1}{\376\377\0004\000.\0001\000.\0002\000.\0001\000\040\000A\000i\000r\000l\000i\000n\000e\000\050\000\051\000\040\000[\0001\000/\0002\000]}{subsection.4.1.2}% 10
\BOOKMARK [3][-]{subsubsection.4.1.2.2}{\376\377\0004\000.\0001\000.\0002\000.\0002\000\040\000A\000i\000r\000l\000i\000n\000e\000\050\000\051\000\040\000[\0002\000/\0002\000]}{subsection.4.1.2}% 11
\BOOKMARK [2][-]{subsection.4.1.3}{\376\377\0004\000.\0001\000.\0003\000\040\000M\000e\000m\000b\000e\000r\000\040\000F\000u\000n\000c\000t\000i\000o\000n\000\040\000D\000o\000c\000u\000m\000e\000n\000t\000a\000t\000i\000o\000n}{section.4.1}% 12
\BOOKMARK [3][-]{subsubsection.4.1.3.1}{\376\377\0004\000.\0001\000.\0003\000.\0001\000\040\000g\000e\000t\000C\000a\000l\000l\000s\000i\000g\000n\000\050\000\051}{subsection.4.1.3}% 13
\BOOKMARK [3][-]{subsubsection.4.1.3.2}{\376\377\0004\000.\0001\000.\0003\000.\0002\000\040\000g\000e\000t\000C\000o\000d\000e\000\050\000\051}{subsection.4.1.3}% 14
\BOOKMARK [3][-]{subsubsection.4.1.3.3}{\376\377\0004\000.\0001\000.\0003\000.\0003\000\040\000g\000e\000t\000C\000o\000u\000n\000t\000r\000y\000\050\000\051}{subsection.4.1.3}% 15
\BOOKMARK [3][-]{subsubsection.4.1.3.4}{\376\377\0004\000.\0001\000.\0003\000.\0004\000\040\000g\000e\000t\000N\000a\000m\000e\000\050\000\051}{subsection.4.1.3}% 16
\BOOKMARK [3][-]{subsubsection.4.1.3.5}{\376\377\0004\000.\0001\000.\0003\000.\0005\000\040\000s\000e\000t\000C\000a\000l\000l\000s\000i\000g\000n\000\050\000\051}{subsection.4.1.3}% 17
\BOOKMARK [3][-]{subsubsection.4.1.3.6}{\376\377\0004\000.\0001\000.\0003\000.\0006\000\040\000s\000e\000t\000C\000o\000d\000e\000\050\000\051}{subsection.4.1.3}% 18
\BOOKMARK [3][-]{subsubsection.4.1.3.7}{\376\377\0004\000.\0001\000.\0003\000.\0007\000\040\000s\000e\000t\000C\000o\000u\000n\000t\000r\000y\000\050\000\051}{subsection.4.1.3}% 19
\BOOKMARK [3][-]{subsubsection.4.1.3.8}{\376\377\0004\000.\0001\000.\0003\000.\0008\000\040\000s\000e\000t\000N\000a\000m\000e\000\050\000\051}{subsection.4.1.3}% 20
\BOOKMARK [2][-]{subsection.4.1.4}{\376\377\0004\000.\0001\000.\0004\000\040\000M\000e\000m\000b\000e\000r\000\040\000D\000a\000t\000a\000\040\000D\000o\000c\000u\000m\000e\000n\000t\000a\000t\000i\000o\000n}{section.4.1}% 21
\BOOKMARK [3][-]{subsubsection.4.1.4.1}{\376\377\0004\000.\0001\000.\0004\000.\0001\000\040\000c\000a\000l\000l\000s\000i\000g\000n}{subsection.4.1.4}% 22
\BOOKMARK [3][-]{subsubsection.4.1.4.2}{\376\377\0004\000.\0001\000.\0004\000.\0002\000\040\000c\000o\000d\000e}{subsection.4.1.4}% 23
\BOOKMARK [3][-]{subsubsection.4.1.4.3}{\376\377\0004\000.\0001\000.\0004\000.\0003\000\040\000c\000o\000u\000n\000t\000r\000y}{subsection.4.1.4}% 24
\BOOKMARK [3][-]{subsubsection.4.1.4.4}{\376\377\0004\000.\0001\000.\0004\000.\0004\000\040\000n\000a\000m\000e}{subsection.4.1.4}% 25
\BOOKMARK [1][-]{section.4.2}{\376\377\0004\000.\0002\000\040\000A\000i\000r\000p\000o\000r\000t\000\040\000C\000l\000a\000s\000s\000\040\000R\000e\000f\000e\000r\000e\000n\000c\000e}{chapter.4}% 26
\BOOKMARK [2][-]{subsection.4.2.1}{\376\377\0004\000.\0002\000.\0001\000\040\000D\000e\000t\000a\000i\000l\000e\000d\000\040\000D\000e\000s\000c\000r\000i\000p\000t\000i\000o\000n}{section.4.2}% 27
\BOOKMARK [2][-]{subsection.4.2.2}{\376\377\0004\000.\0002\000.\0002\000\040\000C\000o\000n\000s\000t\000r\000u\000c\000t\000o\000r\000\040\000\046\000\040\000D\000e\000s\000t\000r\000u\000c\000t\000o\000r\000\040\000D\000o\000c\000u\000m\000e\000n\000t\000a\000t\000i\000o\000n}{section.4.2}% 28
\BOOKMARK [3][-]{subsubsection.4.2.2.1}{\376\377\0004\000.\0002\000.\0002\000.\0001\000\040\000A\000i\000r\000p\000o\000r\000t\000\050\000\051\000\040\000[\0001\000/\0002\000]}{subsection.4.2.2}% 29
\BOOKMARK [3][-]{subsubsection.4.2.2.2}{\376\377\0004\000.\0002\000.\0002\000.\0002\000\040\000A\000i\000r\000p\000o\000r\000t\000\050\000\051\000\040\000[\0002\000/\0002\000]}{subsection.4.2.2}% 30
\BOOKMARK [2][-]{subsection.4.2.3}{\376\377\0004\000.\0002\000.\0003\000\040\000M\000e\000m\000b\000e\000r\000\040\000F\000u\000n\000c\000t\000i\000o\000n\000\040\000D\000o\000c\000u\000m\000e\000n\000t\000a\000t\000i\000o\000n}{section.4.2}% 31
\BOOKMARK [3][-]{subsubsection.4.2.3.1}{\376\377\0004\000.\0002\000.\0003\000.\0001\000\040\000g\000e\000t\000C\000i\000t\000y\000\050\000\051}{subsection.4.2.3}% 32
\BOOKMARK [3][-]{subsubsection.4.2.3.2}{\376\377\0004\000.\0002\000.\0003\000.\0002\000\040\000g\000e\000t\000C\000o\000d\000e\000\050\000\051}{subsection.4.2.3}% 33
\BOOKMARK [3][-]{subsubsection.4.2.3.3}{\376\377\0004\000.\0002\000.\0003\000.\0003\000\040\000g\000e\000t\000C\000o\000u\000n\000t\000r\000y\000\050\000\051}{subsection.4.2.3}% 34
\BOOKMARK [3][-]{subsubsection.4.2.3.4}{\376\377\0004\000.\0002\000.\0003\000.\0004\000\040\000g\000e\000t\000N\000a\000m\000e\000\050\000\051}{subsection.4.2.3}% 35
\BOOKMARK [3][-]{subsubsection.4.2.3.5}{\376\377\0004\000.\0002\000.\0003\000.\0005\000\040\000g\000e\000t\000P\000o\000s\000i\000t\000i\000o\000n\000\050\000\051}{subsection.4.2.3}% 36
\BOOKMARK [3][-]{subsubsection.4.2.3.6}{\376\377\0004\000.\0002\000.\0003\000.\0006\000\040\000o\000p\000e\000r\000a\000t\000o\000r\000<\000\050\000\051}{subsection.4.2.3}% 37
\BOOKMARK [3][-]{subsubsection.4.2.3.7}{\376\377\0004\000.\0002\000.\0003\000.\0007\000\040\000o\000p\000e\000r\000a\000t\000o\000r\000=\000=\000\050\000\051}{subsection.4.2.3}% 38
\BOOKMARK [3][-]{subsubsection.4.2.3.8}{\376\377\0004\000.\0002\000.\0003\000.\0008\000\040\000s\000e\000t\000C\000i\000t\000y\000\050\000\051}{subsection.4.2.3}% 39
\BOOKMARK [3][-]{subsubsection.4.2.3.9}{\376\377\0004\000.\0002\000.\0003\000.\0009\000\040\000s\000e\000t\000C\000o\000d\000e\000\050\000\051}{subsection.4.2.3}% 40
\BOOKMARK [3][-]{subsubsection.4.2.3.10}{\376\377\0004\000.\0002\000.\0003\000.\0001\0000\000\040\000s\000e\000t\000C\000o\000u\000n\000t\000r\000y\000\050\000\051}{subsection.4.2.3}% 41
\BOOKMARK [3][-]{subsubsection.4.2.3.11}{\376\377\0004\000.\0002\000.\0003\000.\0001\0001\000\040\000s\000e\000t\000N\000a\000m\000e\000\050\000\051}{subsection.4.2.3}% 42
\BOOKMARK [3][-]{subsubsection.4.2.3.12}{\376\377\0004\000.\0002\000.\0003\000.\0001\0002\000\040\000s\000e\000t\000P\000o\000s\000i\000t\000i\000o\000n\000\050\000\051}{subsection.4.2.3}% 43
\BOOKMARK [2][-]{subsection.4.2.4}{\376\377\0004\000.\0002\000.\0004\000\040\000M\000e\000m\000b\000e\000r\000\040\000D\000a\000t\000a\000\040\000D\000o\000c\000u\000m\000e\000n\000t\000a\000t\000i\000o\000n}{section.4.2}% 44
\BOOKMARK [3][-]{subsubsection.4.2.4.1}{\376\377\0004\000.\0002\000.\0004\000.\0001\000\040\000c\000i\000t\000y}{subsection.4.2.4}% 45
\BOOKMARK [3][-]{subsubsection.4.2.4.2}{\376\377\0004\000.\0002\000.\0004\000.\0002\000\040\000c\000o\000d\000e}{subsection.4.2.4}% 46
\BOOKMARK [3][-]{subsubsection.4.2.4.3}{\376\377\0004\000.\0002\000.\0004\000.\0003\000\040\000c\000o\000u\000n\000t\000r\000y}{subsection.4.2.4}% 47
\BOOKMARK [3][-]{subsubsection.4.2.4.4}{\376\377\0004\000.\0002\000.\0004\000.\0004\000\040\000n\000a\000m\000e}{subsection.4.2.4}% 48
\BOOKMARK [3][-]{subsubsection.4.2.4.5}{\376\377\0004\000.\0002\000.\0004\000.\0005\000\040\000p\000o\000s\000i\000t\000i\000o\000n}{subsection.4.2.4}% 49
\BOOKMARK [1][-]{section.4.3}{\376\377\0004\000.\0003\000\040\000A\000p\000p\000\040\000C\000l\000a\000s\000s\000\040\000R\000e\000f\000e\000r\000e\000n\000c\000e}{chapter.4}% 50
\BOOKMARK [2][-]{subsection.4.3.1}{\376\377\0004\000.\0003\000.\0001\000\040\000C\000o\000n\000s\000t\000r\000u\000c\000t\000o\000r\000\040\000\046\000\040\000D\000e\000s\000t\000r\000u\000c\000t\000o\000r\000\040\000D\000o\000c\000u\000m\000e\000n\000t\000a\000t\000i\000o\000n}{section.4.3}% 51
\BOOKMARK [3][-]{subsubsection.4.3.1.1}{\376\377\0004\000.\0003\000.\0001\000.\0001\000\040\000A\000p\000p\000\050\000\051}{subsection.4.3.1}% 52
\BOOKMARK [2][-]{subsection.4.3.2}{\376\377\0004\000.\0003\000.\0002\000\040\000M\000e\000m\000b\000e\000r\000\040\000F\000u\000n\000c\000t\000i\000o\000n\000\040\000D\000o\000c\000u\000m\000e\000n\000t\000a\000t\000i\000o\000n}{section.4.3}% 53
\BOOKMARK [3][-]{subsubsection.4.3.2.1}{\376\377\0004\000.\0003\000.\0002\000.\0001\000\040\000g\000l\000o\000b\000a\000l\000S\000t\000a\000t\000i\000s\000t\000i\000c\000s\000\050\000\051}{subsection.4.3.2}% 54
\BOOKMARK [3][-]{subsubsection.4.3.2.2}{\376\377\0004\000.\0003\000.\0002\000.\0002\000\040\000g\000o\000B\000a\000c\000k\000S\000t\000a\000t\000i\000s\000t\000i\000c\000s\000M\000e\000n\000u\000\050\000\051}{subsection.4.3.2}% 55
\BOOKMARK [3][-]{subsubsection.4.3.2.3}{\376\377\0004\000.\0003\000.\0002\000.\0003\000\040\000m\000a\000i\000n\000M\000e\000n\000u\000\050\000\051}{subsection.4.3.2}% 56
\BOOKMARK [3][-]{subsubsection.4.3.2.4}{\376\377\0004\000.\0003\000.\0002\000.\0004\000\040\000n\000u\000m\000b\000e\000r\000O\000f\000D\000e\000s\000t\000i\000n\000a\000t\000i\000o\000n\000s\000\050\000\051}{subsection.4.3.2}% 57
\BOOKMARK [3][-]{subsubsection.4.3.2.5}{\376\377\0004\000.\0003\000.\0002\000.\0005\000\040\000r\000e\000a\000c\000h\000a\000b\000l\000e\000D\000e\000s\000t\000\050\000\051}{subsection.4.3.2}% 58
\BOOKMARK [3][-]{subsubsection.4.3.2.6}{\376\377\0004\000.\0003\000.\0002\000.\0006\000\040\000s\000h\000o\000w\000N\000u\000m\000F\000l\000i\000g\000h\000t\000s\000\050\000\051}{subsection.4.3.2}% 59
\BOOKMARK [3][-]{subsubsection.4.3.2.7}{\376\377\0004\000.\0003\000.\0002\000.\0007\000\040\000s\000t\000a\000t\000i\000s\000t\000i\000c\000s\000M\000e\000n\000u\000\050\000\051}{subsection.4.3.2}% 60
\BOOKMARK [2][-]{subsection.4.3.3}{\376\377\0004\000.\0003\000.\0003\000\040\000M\000e\000m\000b\000e\000r\000\040\000D\000a\000t\000a\000\040\000D\000o\000c\000u\000m\000e\000n\000t\000a\000t\000i\000o\000n}{section.4.3}% 61
\BOOKMARK [3][-]{subsubsection.4.3.3.1}{\376\377\0004\000.\0003\000.\0003\000.\0001\000\040\000f\000l\000i\000g\000h\000t\000n\000e\000t\000w\000o\000r\000k}{subsection.4.3.3}% 62
\BOOKMARK [1][-]{section.4.4}{\376\377\0004\000.\0004\000\040\000E\000d\000g\000e\000<\000\040\000T\000\040\000>\000\040\000C\000l\000a\000s\000s\000\040\000T\000e\000m\000p\000l\000a\000t\000e\000\040\000R\000e\000f\000e\000r\000e\000n\000c\000e}{chapter.4}% 63
\BOOKMARK [2][-]{subsection.4.4.1}{\376\377\0004\000.\0004\000.\0001\000\040\000D\000e\000t\000a\000i\000l\000e\000d\000\040\000D\000e\000s\000c\000r\000i\000p\000t\000i\000o\000n}{section.4.4}% 64
\BOOKMARK [2][-]{subsection.4.4.2}{\376\377\0004\000.\0004\000.\0002\000\040\000C\000o\000n\000s\000t\000r\000u\000c\000t\000o\000r\000\040\000\046\000\040\000D\000e\000s\000t\000r\000u\000c\000t\000o\000r\000\040\000D\000o\000c\000u\000m\000e\000n\000t\000a\000t\000i\000o\000n}{section.4.4}% 65
\BOOKMARK [3][-]{subsubsection.4.4.2.1}{\376\377\0004\000.\0004\000.\0002\000.\0001\000\040\000E\000d\000g\000e\000\050\000\051}{subsection.4.4.2}% 66
\BOOKMARK [2][-]{subsection.4.4.3}{\376\377\0004\000.\0004\000.\0003\000\040\000M\000e\000m\000b\000e\000r\000\040\000F\000u\000n\000c\000t\000i\000o\000n\000\040\000D\000o\000c\000u\000m\000e\000n\000t\000a\000t\000i\000o\000n}{section.4.4}% 67
\BOOKMARK [3][-]{subsubsection.4.4.3.1}{\376\377\0004\000.\0004\000.\0003\000.\0001\000\040\000g\000e\000t\000D\000e\000s\000t\000\050\000\051}{subsection.4.4.3}% 68
\BOOKMARK [3][-]{subsubsection.4.4.3.2}{\376\377\0004\000.\0004\000.\0003\000.\0002\000\040\000g\000e\000t\000I\000n\000f\000o\000\050\000\051}{subsection.4.4.3}% 69
\BOOKMARK [3][-]{subsubsection.4.4.3.3}{\376\377\0004\000.\0004\000.\0003\000.\0003\000\040\000g\000e\000t\000W\000e\000i\000g\000h\000t\000\050\000\051}{subsection.4.4.3}% 70
\BOOKMARK [3][-]{subsubsection.4.4.3.4}{\376\377\0004\000.\0004\000.\0003\000.\0004\000\040\000s\000e\000t\000D\000e\000s\000t\000\050\000\051}{subsection.4.4.3}% 71
\BOOKMARK [3][-]{subsubsection.4.4.3.5}{\376\377\0004\000.\0004\000.\0003\000.\0005\000\040\000s\000e\000t\000I\000n\000f\000o\000\050\000\051}{subsection.4.4.3}% 72
\BOOKMARK [3][-]{subsubsection.4.4.3.6}{\376\377\0004\000.\0004\000.\0003\000.\0006\000\040\000s\000e\000t\000W\000e\000i\000g\000h\000t\000\050\000\051}{subsection.4.4.3}% 73
\BOOKMARK [2][-]{subsection.4.4.4}{\376\377\0004\000.\0004\000.\0004\000\040\000F\000r\000i\000e\000n\000d\000s\000\040\000A\000n\000d\000\040\000R\000e\000l\000a\000t\000e\000d\000\040\000S\000y\000m\000b\000o\000l\000\040\000D\000o\000c\000u\000m\000e\000n\000t\000a\000t\000i\000o\000n}{section.4.4}% 74
\BOOKMARK [3][-]{subsubsection.4.4.4.1}{\376\377\0004\000.\0004\000.\0004\000.\0001\000\040\000G\000r\000a\000p\000h\000<\000\040\000T\000\040\000>}{subsection.4.4.4}% 75
\BOOKMARK [3][-]{subsubsection.4.4.4.2}{\376\377\0004\000.\0004\000.\0004\000.\0002\000\040\000V\000e\000r\000t\000e\000x\000<\000\040\000T\000\040\000>}{subsection.4.4.4}% 76
\BOOKMARK [2][-]{subsection.4.4.5}{\376\377\0004\000.\0004\000.\0005\000\040\000M\000e\000m\000b\000e\000r\000\040\000D\000a\000t\000a\000\040\000D\000o\000c\000u\000m\000e\000n\000t\000a\000t\000i\000o\000n}{section.4.4}% 77
\BOOKMARK [3][-]{subsubsection.4.4.5.1}{\376\377\0004\000.\0004\000.\0005\000.\0001\000\040\000d\000e\000s\000t}{subsection.4.4.5}% 78
\BOOKMARK [3][-]{subsubsection.4.4.5.2}{\376\377\0004\000.\0004\000.\0005\000.\0002\000\040\000i\000n\000f\000o}{subsection.4.4.5}% 79
\BOOKMARK [3][-]{subsubsection.4.4.5.3}{\376\377\0004\000.\0004\000.\0005\000.\0003\000\040\000w\000e\000i\000g\000h\000t}{subsection.4.4.5}% 80
\BOOKMARK [1][-]{section.4.5}{\376\377\0004\000.\0005\000\040\000F\000l\000i\000g\000h\000t\000N\000e\000t\000w\000o\000r\000k\000\040\000C\000l\000a\000s\000s\000\040\000R\000e\000f\000e\000r\000e\000n\000c\000e}{chapter.4}% 81
\BOOKMARK [2][-]{subsection.4.5.1}{\376\377\0004\000.\0005\000.\0001\000\040\000C\000o\000n\000s\000t\000r\000u\000c\000t\000o\000r\000\040\000\046\000\040\000D\000e\000s\000t\000r\000u\000c\000t\000o\000r\000\040\000D\000o\000c\000u\000m\000e\000n\000t\000a\000t\000i\000o\000n}{section.4.5}% 82
\BOOKMARK [3][-]{subsubsection.4.5.1.1}{\376\377\0004\000.\0005\000.\0001\000.\0001\000\040\000F\000l\000i\000g\000h\000t\000N\000e\000t\000w\000o\000r\000k\000\050\000\051\000\040\000[\0001\000/\0002\000]}{subsection.4.5.1}% 83
\BOOKMARK [3][-]{subsubsection.4.5.1.2}{\376\377\0004\000.\0005\000.\0001\000.\0002\000\040\000F\000l\000i\000g\000h\000t\000N\000e\000t\000w\000o\000r\000k\000\050\000\051\000\040\000[\0002\000/\0002\000]}{subsection.4.5.1}% 84
\BOOKMARK [2][-]{subsection.4.5.2}{\376\377\0004\000.\0005\000.\0002\000\040\000M\000e\000m\000b\000e\000r\000\040\000F\000u\000n\000c\000t\000i\000o\000n\000\040\000D\000o\000c\000u\000m\000e\000n\000t\000a\000t\000i\000o\000n}{section.4.5}% 85
\BOOKMARK [3][-]{subsubsection.4.5.2.1}{\376\377\0004\000.\0005\000.\0002\000.\0001\000\040\000b\000e\000s\000t\000F\000l\000i\000g\000h\000t\000\050\000\051}{subsection.4.5.2}% 86
\BOOKMARK [3][-]{subsubsection.4.5.2.2}{\376\377\0004\000.\0005\000.\0002\000.\0002\000\040\000b\000e\000s\000t\000F\000l\000i\000g\000h\000t\000F\000i\000l\000t\000e\000r\000e\000d\000\050\000\051}{subsection.4.5.2}% 87
\BOOKMARK [3][-]{subsubsection.4.5.2.3}{\376\377\0004\000.\0005\000.\0002\000.\0003\000\040\000c\000i\000t\000y\000C\000r\000i\000t\000e\000r\000i\000a\000\050\000\051}{subsection.4.5.2}% 88
\BOOKMARK [3][-]{subsubsection.4.5.2.4}{\376\377\0004\000.\0005\000.\0002\000.\0004\000\040\000c\000o\000d\000e\000C\000r\000i\000t\000e\000r\000i\000a\000\050\000\051}{subsection.4.5.2}% 89
\BOOKMARK [3][-]{subsubsection.4.5.2.5}{\376\377\0004\000.\0005\000.\0002\000.\0005\000\040\000c\000o\000o\000r\000d\000i\000n\000a\000t\000e\000C\000r\000i\000t\000e\000r\000i\000a\000\050\000\051}{subsection.4.5.2}% 90
\BOOKMARK [3][-]{subsubsection.4.5.2.6}{\376\377\0004\000.\0005\000.\0002\000.\0006\000\040\000g\000e\000t\000A\000i\000p\000o\000r\000t\000s\000G\000r\000a\000p\000h\000\050\000\051}{subsection.4.5.2}% 91
\BOOKMARK [3][-]{subsubsection.4.5.2.7}{\376\377\0004\000.\0005\000.\0002\000.\0007\000\040\000g\000e\000t\000A\000i\000r\000p\000o\000r\000t\000s\000D\000e\000s\000t\000i\000n\000a\000t\000i\000o\000n\000s\000\050\000\051}{subsection.4.5.2}% 92
\BOOKMARK [3][-]{subsubsection.4.5.2.8}{\376\377\0004\000.\0005\000.\0002\000.\0008\000\040\000g\000e\000t\000C\000i\000t\000i\000e\000s\000D\000e\000s\000t\000i\000n\000a\000t\000i\000o\000n\000s\000\050\000\051}{subsection.4.5.2}% 93
\BOOKMARK [3][-]{subsubsection.4.5.2.9}{\376\377\0004\000.\0005\000.\0002\000.\0009\000\040\000g\000e\000t\000C\000o\000u\000n\000t\000r\000i\000e\000s\000D\000e\000s\000t\000i\000n\000a\000t\000i\000o\000n\000s\000\050\000\051}{subsection.4.5.2}% 94
\BOOKMARK [3][-]{subsubsection.4.5.2.10}{\376\377\0004\000.\0005\000.\0002\000.\0001\0000\000\040\000g\000e\000t\000D\000i\000f\000f\000C\000o\000u\000n\000t\000r\000i\000e\000s\000A\000i\000r\000p\000o\000r\000t\000\050\000\051}{subsection.4.5.2}% 95
\BOOKMARK [3][-]{subsubsection.4.5.2.11}{\376\377\0004\000.\0005\000.\0002\000.\0001\0001\000\040\000g\000e\000t\000D\000i\000f\000f\000C\000o\000u\000n\000t\000r\000i\000e\000s\000C\000i\000t\000y\000\050\000\051}{subsection.4.5.2}% 96
\BOOKMARK [3][-]{subsubsection.4.5.2.12}{\376\377\0004\000.\0005\000.\0002\000.\0001\0002\000\040\000g\000e\000t\000E\000s\000s\000e\000n\000t\000i\000a\000l\000A\000i\000r\000p\000o\000r\000t\000s\000\050\000\051}{subsection.4.5.2}% 97
\BOOKMARK [3][-]{subsubsection.4.5.2.13}{\376\377\0004\000.\0005\000.\0002\000.\0001\0003\000\040\000g\000e\000t\000G\000l\000o\000b\000a\000l\000N\000u\000m\000O\000f\000A\000i\000r\000p\000o\000r\000t\000s\000\050\000\051}{subsection.4.5.2}% 98
\BOOKMARK [3][-]{subsubsection.4.5.2.14}{\376\377\0004\000.\0005\000.\0002\000.\0001\0004\000\040\000g\000e\000t\000G\000l\000o\000b\000a\000l\000N\000u\000m\000O\000f\000F\000l\000i\000g\000h\000t\000s\000\050\000\051}{subsection.4.5.2}% 99
\BOOKMARK [3][-]{subsubsection.4.5.2.15}{\376\377\0004\000.\0005\000.\0002\000.\0001\0005\000\040\000g\000e\000t\000G\000r\000e\000a\000t\000e\000s\000t\000T\000r\000a\000f\000f\000i\000c\000\050\000\051}{subsection.4.5.2}% 100
\BOOKMARK [3][-]{subsubsection.4.5.2.16}{\376\377\0004\000.\0005\000.\0002\000.\0001\0006\000\040\000g\000e\000t\000R\000e\000a\000c\000h\000a\000b\000l\000e\000A\000i\000r\000p\000o\000r\000t\000s\000\050\000\051}{subsection.4.5.2}% 101
\BOOKMARK [3][-]{subsubsection.4.5.2.17}{\376\377\0004\000.\0005\000.\0002\000.\0001\0007\000\040\000g\000e\000t\000R\000e\000a\000c\000h\000a\000b\000l\000e\000C\000i\000t\000i\000e\000s\000\050\000\051}{subsection.4.5.2}% 102
\BOOKMARK [3][-]{subsubsection.4.5.2.18}{\376\377\0004\000.\0005\000.\0002\000.\0001\0008\000\040\000g\000e\000t\000R\000e\000a\000c\000h\000a\000b\000l\000e\000C\000o\000u\000n\000t\000r\000i\000e\000s\000\050\000\051}{subsection.4.5.2}% 103
\BOOKMARK [3][-]{subsubsection.4.5.2.19}{\376\377\0004\000.\0005\000.\0002\000.\0001\0009\000\040\000i\000s\000P\000a\000t\000h\000V\000a\000l\000i\000d\000\050\000\051}{subsection.4.5.2}% 104
\BOOKMARK [3][-]{subsubsection.4.5.2.20}{\376\377\0004\000.\0005\000.\0002\000.\0002\0000\000\040\000l\000i\000s\000t\000B\000e\000s\000t\000F\000l\000i\000g\000h\000t\000s\000\050\000\051}{subsection.4.5.2}% 105
\BOOKMARK [3][-]{subsubsection.4.5.2.21}{\376\377\0004\000.\0005\000.\0002\000.\0002\0001\000\040\000m\000a\000x\000i\000m\000u\000m\000T\000r\000i\000p\000\050\000\051}{subsection.4.5.2}% 106
\BOOKMARK [3][-]{subsubsection.4.5.2.22}{\376\377\0004\000.\0005\000.\0002\000.\0002\0002\000\040\000n\000a\000m\000e\000C\000r\000i\000t\000e\000r\000i\000a\000\050\000\051}{subsection.4.5.2}% 107
\BOOKMARK [3][-]{subsubsection.4.5.2.23}{\376\377\0004\000.\0005\000.\0002\000.\0002\0003\000\040\000n\000u\000m\000F\000l\000i\000g\000h\000t\000s\000A\000i\000r\000l\000i\000n\000e\000\050\000\051}{subsection.4.5.2}% 108
\BOOKMARK [3][-]{subsubsection.4.5.2.24}{\376\377\0004\000.\0005\000.\0002\000.\0002\0004\000\040\000n\000u\000m\000F\000l\000i\000g\000h\000t\000s\000A\000i\000r\000p\000o\000r\000t\000\050\000\051}{subsection.4.5.2}% 109
\BOOKMARK [3][-]{subsubsection.4.5.2.25}{\376\377\0004\000.\0005\000.\0002\000.\0002\0005\000\040\000n\000u\000m\000F\000l\000i\000g\000h\000t\000s\000C\000i\000t\000y\000\050\000\051}{subsection.4.5.2}% 110
\BOOKMARK [2][-]{subsection.4.5.3}{\376\377\0004\000.\0005\000.\0003\000\040\000M\000e\000m\000b\000e\000r\000\040\000D\000a\000t\000a\000\040\000D\000o\000c\000u\000m\000e\000n\000t\000a\000t\000i\000o\000n}{section.4.5}% 111
\BOOKMARK [3][-]{subsubsection.4.5.3.1}{\376\377\0004\000.\0005\000.\0003\000.\0001\000\040\000a\000i\000r\000p\000o\000r\000t\000s\000G\000r\000a\000p\000h}{subsection.4.5.3}% 112
\BOOKMARK [1][-]{section.4.6}{\376\377\0004\000.\0006\000\040\000G\000r\000a\000p\000h\000<\000\040\000T\000\040\000>\000\040\000C\000l\000a\000s\000s\000\040\000T\000e\000m\000p\000l\000a\000t\000e\000\040\000R\000e\000f\000e\000r\000e\000n\000c\000e}{chapter.4}% 113
\BOOKMARK [2][-]{subsection.4.6.1}{\376\377\0004\000.\0006\000.\0001\000\040\000D\000e\000t\000a\000i\000l\000e\000d\000\040\000D\000e\000s\000c\000r\000i\000p\000t\000i\000o\000n}{section.4.6}% 114
\BOOKMARK [2][-]{subsection.4.6.2}{\376\377\0004\000.\0006\000.\0002\000\040\000M\000e\000m\000b\000e\000r\000\040\000F\000u\000n\000c\000t\000i\000o\000n\000\040\000D\000o\000c\000u\000m\000e\000n\000t\000a\000t\000i\000o\000n}{section.4.6}% 115
\BOOKMARK [3][-]{subsubsection.4.6.2.1}{\376\377\0004\000.\0006\000.\0002\000.\0001\000\040\000a\000d\000d\000E\000d\000g\000e\000\050\000\051}{subsection.4.6.2}% 116
\BOOKMARK [3][-]{subsubsection.4.6.2.2}{\376\377\0004\000.\0006\000.\0002\000.\0002\000\040\000a\000d\000d\000V\000e\000r\000t\000e\000x\000\050\000\051}{subsection.4.6.2}% 117
\BOOKMARK [3][-]{subsubsection.4.6.2.3}{\376\377\0004\000.\0006\000.\0002\000.\0003\000\040\000b\000f\000s\000\050\000\051}{subsection.4.6.2}% 118
\BOOKMARK [3][-]{subsubsection.4.6.2.4}{\376\377\0004\000.\0006\000.\0002\000.\0004\000\040\000b\000f\000s\000D\000i\000s\000t\000a\000n\000c\000e\000\050\000\051}{subsection.4.6.2}% 119
\BOOKMARK [3][-]{subsubsection.4.6.2.5}{\376\377\0004\000.\0006\000.\0002\000.\0005\000\040\000d\000f\000s\000\050\000\051\000\040\000[\0001\000/\0002\000]}{subsection.4.6.2}% 120
\BOOKMARK [3][-]{subsubsection.4.6.2.6}{\376\377\0004\000.\0006\000.\0002\000.\0006\000\040\000d\000f\000s\000\050\000\051\000\040\000[\0002\000/\0002\000]}{subsection.4.6.2}% 121
\BOOKMARK [3][-]{subsubsection.4.6.2.7}{\376\377\0004\000.\0006\000.\0002\000.\0007\000\040\000d\000f\000s\000V\000i\000s\000i\000t\000\050\000\051}{subsection.4.6.2}% 122
\BOOKMARK [3][-]{subsubsection.4.6.2.8}{\376\377\0004\000.\0006\000.\0002\000.\0008\000\040\000E\000d\000g\000e\000s\000A\000t\000D\000i\000s\000t\000a\000n\000c\000e\000D\000F\000S\000\050\000\051}{subsection.4.6.2}% 123
\BOOKMARK [3][-]{subsubsection.4.6.2.9}{\376\377\0004\000.\0006\000.\0002\000.\0009\000\040\000f\000i\000n\000d\000V\000e\000r\000t\000e\000x\000\050\000\051}{subsection.4.6.2}% 124
\BOOKMARK [3][-]{subsubsection.4.6.2.10}{\376\377\0004\000.\0006\000.\0002\000.\0001\0000\000\040\000g\000e\000t\000N\000u\000m\000V\000e\000r\000t\000e\000x\000\050\000\051}{subsection.4.6.2}% 125
\BOOKMARK [3][-]{subsubsection.4.6.2.11}{\376\377\0004\000.\0006\000.\0002\000.\0001\0001\000\040\000g\000e\000t\000V\000e\000r\000t\000e\000x\000S\000e\000t\000\050\000\051}{subsection.4.6.2}% 126
\BOOKMARK [3][-]{subsubsection.4.6.2.12}{\376\377\0004\000.\0006\000.\0002\000.\0001\0002\000\040\000i\000n\000D\000e\000g\000r\000e\000e\000\050\000\051}{subsection.4.6.2}% 127
\BOOKMARK [3][-]{subsubsection.4.6.2.13}{\376\377\0004\000.\0006\000.\0002\000.\0001\0003\000\040\000n\000o\000d\000e\000s\000A\000t\000D\000i\000s\000t\000a\000n\000c\000e\000D\000F\000S\000\050\000\051}{subsection.4.6.2}% 128
\BOOKMARK [3][-]{subsubsection.4.6.2.14}{\376\377\0004\000.\0006\000.\0002\000.\0001\0004\000\040\000r\000e\000m\000o\000v\000e\000E\000d\000g\000e\000\050\000\051}{subsection.4.6.2}% 129
\BOOKMARK [3][-]{subsubsection.4.6.2.15}{\376\377\0004\000.\0006\000.\0002\000.\0001\0005\000\040\000r\000e\000m\000o\000v\000e\000V\000e\000r\000t\000e\000x\000\050\000\051}{subsection.4.6.2}% 130
\BOOKMARK [2][-]{subsection.4.6.3}{\376\377\0004\000.\0006\000.\0003\000\040\000M\000e\000m\000b\000e\000r\000\040\000D\000a\000t\000a\000\040\000D\000o\000c\000u\000m\000e\000n\000t\000a\000t\000i\000o\000n}{section.4.6}% 131
\BOOKMARK [3][-]{subsubsection.4.6.3.1}{\376\377\0004\000.\0006\000.\0003\000.\0001\000\040\000v\000e\000r\000t\000e\000x\000S\000e\000t}{subsection.4.6.3}% 132
\BOOKMARK [1][-]{section.4.7}{\376\377\0004\000.\0007\000\040\000V\000e\000r\000t\000e\000x\000<\000\040\000T\000\040\000>\000\040\000C\000l\000a\000s\000s\000\040\000T\000e\000m\000p\000l\000a\000t\000e\000\040\000R\000e\000f\000e\000r\000e\000n\000c\000e}{chapter.4}% 133
\BOOKMARK [2][-]{subsection.4.7.1}{\376\377\0004\000.\0007\000.\0001\000\040\000D\000e\000t\000a\000i\000l\000e\000d\000\040\000D\000e\000s\000c\000r\000i\000p\000t\000i\000o\000n}{section.4.7}% 134
\BOOKMARK [2][-]{subsection.4.7.2}{\376\377\0004\000.\0007\000.\0002\000\040\000C\000o\000n\000s\000t\000r\000u\000c\000t\000o\000r\000\040\000\046\000\040\000D\000e\000s\000t\000r\000u\000c\000t\000o\000r\000\040\000D\000o\000c\000u\000m\000e\000n\000t\000a\000t\000i\000o\000n}{section.4.7}% 135
\BOOKMARK [3][-]{subsubsection.4.7.2.1}{\376\377\0004\000.\0007\000.\0002\000.\0001\000\040\000V\000e\000r\000t\000e\000x\000\050\000\051}{subsection.4.7.2}% 136
\BOOKMARK [2][-]{subsection.4.7.3}{\376\377\0004\000.\0007\000.\0003\000\040\000M\000e\000m\000b\000e\000r\000\040\000F\000u\000n\000c\000t\000i\000o\000n\000\040\000D\000o\000c\000u\000m\000e\000n\000t\000a\000t\000i\000o\000n}{section.4.7}% 137
\BOOKMARK [3][-]{subsubsection.4.7.3.1}{\376\377\0004\000.\0007\000.\0003\000.\0001\000\040\000a\000d\000d\000E\000d\000g\000e\000\050\000\051}{subsection.4.7.3}% 138
\BOOKMARK [3][-]{subsubsection.4.7.3.2}{\376\377\0004\000.\0007\000.\0003\000.\0002\000\040\000g\000e\000t\000A\000d\000j\000\050\000\051}{subsection.4.7.3}% 139
\BOOKMARK [3][-]{subsubsection.4.7.3.3}{\376\377\0004\000.\0007\000.\0003\000.\0003\000\040\000g\000e\000t\000D\000i\000s\000t\000a\000n\000c\000e\000\050\000\051}{subsection.4.7.3}% 140
\BOOKMARK [3][-]{subsubsection.4.7.3.4}{\376\377\0004\000.\0007\000.\0003\000.\0004\000\040\000g\000e\000t\000I\000n\000D\000e\000g\000r\000e\000e\000\050\000\051}{subsection.4.7.3}% 141
\BOOKMARK [3][-]{subsubsection.4.7.3.5}{\376\377\0004\000.\0007\000.\0003\000.\0005\000\040\000g\000e\000t\000I\000n\000f\000o\000\050\000\051}{subsection.4.7.3}% 142
\BOOKMARK [3][-]{subsubsection.4.7.3.6}{\376\377\0004\000.\0007\000.\0003\000.\0006\000\040\000g\000e\000t\000L\000o\000w\000\050\000\051}{subsection.4.7.3}% 143
\BOOKMARK [3][-]{subsubsection.4.7.3.7}{\376\377\0004\000.\0007\000.\0003\000.\0007\000\040\000g\000e\000t\000N\000u\000m\000\050\000\051}{subsection.4.7.3}% 144
\BOOKMARK [3][-]{subsubsection.4.7.3.8}{\376\377\0004\000.\0007\000.\0003\000.\0008\000\040\000i\000s\000P\000r\000o\000c\000e\000s\000s\000i\000n\000g\000\050\000\051}{subsection.4.7.3}% 145
\BOOKMARK [3][-]{subsubsection.4.7.3.9}{\376\377\0004\000.\0007\000.\0003\000.\0009\000\040\000i\000s\000V\000i\000s\000i\000t\000e\000d\000\050\000\051}{subsection.4.7.3}% 146
\BOOKMARK [3][-]{subsubsection.4.7.3.10}{\376\377\0004\000.\0007\000.\0003\000.\0001\0000\000\040\000r\000e\000m\000o\000v\000e\000E\000d\000g\000e\000T\000o\000\050\000\051}{subsection.4.7.3}% 147
\BOOKMARK [3][-]{subsubsection.4.7.3.11}{\376\377\0004\000.\0007\000.\0003\000.\0001\0001\000\040\000s\000e\000t\000A\000d\000j\000\050\000\051}{subsection.4.7.3}% 148
\BOOKMARK [3][-]{subsubsection.4.7.3.12}{\376\377\0004\000.\0007\000.\0003\000.\0001\0002\000\040\000s\000e\000t\000D\000i\000s\000t\000a\000n\000c\000e\000\050\000\051}{subsection.4.7.3}% 149
\BOOKMARK [3][-]{subsubsection.4.7.3.13}{\376\377\0004\000.\0007\000.\0003\000.\0001\0003\000\040\000s\000e\000t\000I\000n\000D\000e\000g\000r\000e\000e\000\050\000\051}{subsection.4.7.3}% 150
\BOOKMARK [3][-]{subsubsection.4.7.3.14}{\376\377\0004\000.\0007\000.\0003\000.\0001\0004\000\040\000s\000e\000t\000I\000n\000f\000o\000\050\000\051}{subsection.4.7.3}% 151
\BOOKMARK [3][-]{subsubsection.4.7.3.15}{\376\377\0004\000.\0007\000.\0003\000.\0001\0005\000\040\000s\000e\000t\000L\000o\000w\000\050\000\051}{subsection.4.7.3}% 152
\BOOKMARK [3][-]{subsubsection.4.7.3.16}{\376\377\0004\000.\0007\000.\0003\000.\0001\0006\000\040\000s\000e\000t\000N\000u\000m\000\050\000\051}{subsection.4.7.3}% 153
\BOOKMARK [3][-]{subsubsection.4.7.3.17}{\376\377\0004\000.\0007\000.\0003\000.\0001\0007\000\040\000s\000e\000t\000P\000r\000o\000c\000e\000s\000s\000i\000n\000g\000\050\000\051}{subsection.4.7.3}% 154
\BOOKMARK [3][-]{subsubsection.4.7.3.18}{\376\377\0004\000.\0007\000.\0003\000.\0001\0008\000\040\000s\000e\000t\000V\000i\000s\000i\000t\000e\000d\000\050\000\051}{subsection.4.7.3}% 155
\BOOKMARK [2][-]{subsection.4.7.4}{\376\377\0004\000.\0007\000.\0004\000\040\000F\000r\000i\000e\000n\000d\000s\000\040\000A\000n\000d\000\040\000R\000e\000l\000a\000t\000e\000d\000\040\000S\000y\000m\000b\000o\000l\000\040\000D\000o\000c\000u\000m\000e\000n\000t\000a\000t\000i\000o\000n}{section.4.7}% 156
\BOOKMARK [3][-]{subsubsection.4.7.4.1}{\376\377\0004\000.\0007\000.\0004\000.\0001\000\040\000G\000r\000a\000p\000h\000<\000\040\000T\000\040\000>}{subsection.4.7.4}% 157
\BOOKMARK [2][-]{subsection.4.7.5}{\376\377\0004\000.\0007\000.\0005\000\040\000M\000e\000m\000b\000e\000r\000\040\000D\000a\000t\000a\000\040\000D\000o\000c\000u\000m\000e\000n\000t\000a\000t\000i\000o\000n}{section.4.7}% 158
\BOOKMARK [3][-]{subsubsection.4.7.5.1}{\376\377\0004\000.\0007\000.\0005\000.\0001\000\040\000a\000d\000j}{subsection.4.7.5}% 159
\BOOKMARK [3][-]{subsubsection.4.7.5.2}{\376\377\0004\000.\0007\000.\0005\000.\0002\000\040\000d\000i\000s\000t\000a\000n\000c\000e}{subsection.4.7.5}% 160
\BOOKMARK [3][-]{subsubsection.4.7.5.3}{\376\377\0004\000.\0007\000.\0005\000.\0003\000\040\000i\000n\000d\000e\000g\000r\000e\000e}{subsection.4.7.5}% 161
\BOOKMARK [3][-]{subsubsection.4.7.5.4}{\376\377\0004\000.\0007\000.\0005\000.\0004\000\040\000i\000n\000f\000o}{subsection.4.7.5}% 162
\BOOKMARK [3][-]{subsubsection.4.7.5.5}{\376\377\0004\000.\0007\000.\0005\000.\0005\000\040\000l\000o\000w}{subsection.4.7.5}% 163
\BOOKMARK [3][-]{subsubsection.4.7.5.6}{\376\377\0004\000.\0007\000.\0005\000.\0006\000\040\000n\000u\000m}{subsection.4.7.5}% 164
\BOOKMARK [3][-]{subsubsection.4.7.5.7}{\376\377\0004\000.\0007\000.\0005\000.\0007\000\040\000p\000r\000o\000c\000e\000s\000s\000i\000n\000g}{subsection.4.7.5}% 165
\BOOKMARK [3][-]{subsubsection.4.7.5.8}{\376\377\0004\000.\0007\000.\0005\000.\0008\000\040\000v\000i\000s\000i\000t\000e\000d}{subsection.4.7.5}% 166
\BOOKMARK [0][-]{chapter.5}{\376\377\0005\000\040\000F\000i\000l\000e\000\040\000D\000o\000c\000u\000m\000e\000n\000t\000a\000t\000i\000o\000n}{}% 167
\BOOKMARK [1][-]{section.5.1}{\376\377\0005\000.\0001\000\040\000i\000n\000c\000/\000A\000i\000r\000l\000i\000n\000e\000.\000h\000p\000p\000\040\000F\000i\000l\000e\000\040\000R\000e\000f\000e\000r\000e\000n\000c\000e}{chapter.5}% 168
\BOOKMARK [1][-]{section.5.2}{\376\377\0005\000.\0002\000\040\000A\000i\000r\000l\000i\000n\000e\000.\000h\000p\000p}{chapter.5}% 169
\BOOKMARK [1][-]{section.5.3}{\376\377\0005\000.\0003\000\040\000i\000n\000c\000/\000A\000i\000r\000p\000o\000r\000t\000.\000h\000p\000p\000\040\000F\000i\000l\000e\000\040\000R\000e\000f\000e\000r\000e\000n\000c\000e}{chapter.5}% 170
\BOOKMARK [1][-]{section.5.4}{\376\377\0005\000.\0004\000\040\000A\000i\000r\000p\000o\000r\000t\000.\000h\000p\000p}{chapter.5}% 171
\BOOKMARK [1][-]{section.5.5}{\376\377\0005\000.\0005\000\040\000i\000n\000c\000/\000A\000p\000p\000.\000h\000p\000p\000\040\000F\000i\000l\000e\000\040\000R\000e\000f\000e\000r\000e\000n\000c\000e}{chapter.5}% 172
\BOOKMARK [2][-]{subsection.5.5.1}{\376\377\0005\000.\0005\000.\0001\000\040\000F\000u\000n\000c\000t\000i\000o\000n\000\040\000D\000o\000c\000u\000m\000e\000n\000t\000a\000t\000i\000o\000n}{section.5.5}% 173
\BOOKMARK [3][-]{subsubsection.5.5.1.1}{\376\377\0005\000.\0005\000.\0001\000.\0001\000\040\000c\000l\000e\000a\000r\000S\000c\000r\000e\000e\000n\000\050\000\051}{subsection.5.5.1}% 174
\BOOKMARK [1][-]{section.5.6}{\376\377\0005\000.\0006\000\040\000A\000p\000p\000.\000h\000p\000p}{chapter.5}% 175
\BOOKMARK [1][-]{section.5.7}{\376\377\0005\000.\0007\000\040\000i\000n\000c\000/\000F\000l\000i\000g\000h\000t\000N\000e\000t\000w\000o\000r\000k\000.\000h\000p\000p\000\040\000F\000i\000l\000e\000\040\000R\000e\000f\000e\000r\000e\000n\000c\000e}{chapter.5}% 176
\BOOKMARK [2][-]{subsection.5.7.1}{\376\377\0005\000.\0007\000.\0001\000\040\000F\000u\000n\000c\000t\000i\000o\000n\000\040\000D\000o\000c\000u\000m\000e\000n\000t\000a\000t\000i\000o\000n}{section.5.7}% 177
\BOOKMARK [3][-]{subsubsection.5.7.1.1}{\376\377\0005\000.\0007\000.\0001\000.\0001\000\040\000d\000f\000s\000\137\000a\000r\000t\000\050\000\051}{subsection.5.7.1}% 178
\BOOKMARK [3][-]{subsubsection.5.7.1.2}{\376\377\0005\000.\0007\000.\0001\000.\0002\000\040\000h\000a\000v\000e\000r\000s\000i\000n\000e\000D\000i\000s\000t\000a\000n\000c\000e\000\050\000\051}{subsection.5.7.1}% 179
\BOOKMARK [1][-]{section.5.8}{\376\377\0005\000.\0008\000\040\000F\000l\000i\000g\000h\000t\000N\000e\000t\000w\000o\000r\000k\000.\000h\000p\000p}{chapter.5}% 180
\BOOKMARK [1][-]{section.5.9}{\376\377\0005\000.\0009\000\040\000i\000n\000c\000/\000G\000r\000a\000p\000h\000.\000h\000p\000p\000\040\000F\000i\000l\000e\000\040\000R\000e\000f\000e\000r\000e\000n\000c\000e}{chapter.5}% 181
\BOOKMARK [2][-]{subsection.5.9.1}{\376\377\0005\000.\0009\000.\0001\000\040\000F\000u\000n\000c\000t\000i\000o\000n\000\040\000D\000o\000c\000u\000m\000e\000n\000t\000a\000t\000i\000o\000n}{section.5.9}% 182
\BOOKMARK [3][-]{subsubsection.5.9.1.1}{\376\377\0005\000.\0009\000.\0001\000.\0001\000\040\000n\000o\000d\000e\000s\000A\000t\000D\000i\000s\000t\000a\000n\000c\000e\000D\000F\000S\000V\000i\000s\000i\000t\000\050\000\051\000\040\000[\0001\000/\0002\000]}{subsection.5.9.1}% 183
\BOOKMARK [3][-]{subsubsection.5.9.1.2}{\376\377\0005\000.\0009\000.\0001\000.\0002\000\040\000n\000o\000d\000e\000s\000A\000t\000D\000i\000s\000t\000a\000n\000c\000e\000D\000F\000S\000V\000i\000s\000i\000t\000\050\000\051\000\040\000[\0002\000/\0002\000]}{subsection.5.9.1}% 184
\BOOKMARK [1][-]{section.5.10}{\376\377\0005\000.\0001\0000\000\040\000G\000r\000a\000p\000h\000.\000h\000p\000p}{chapter.5}% 185
\BOOKMARK [1][-]{section.5.11}{\376\377\0005\000.\0001\0001\000\040\000R\000E\000A\000D\000M\000E\000.\000m\000d\000\040\000F\000i\000l\000e\000\040\000R\000e\000f\000e\000r\000e\000n\000c\000e}{chapter.5}% 186
\BOOKMARK [1][-]{section.5.12}{\376\377\0005\000.\0001\0002\000\040\000s\000r\000c\000/\000A\000i\000r\000l\000i\000n\000e\000.\000c\000p\000p\000\040\000F\000i\000l\000e\000\040\000R\000e\000f\000e\000r\000e\000n\000c\000e}{chapter.5}% 187
\BOOKMARK [1][-]{section.5.13}{\376\377\0005\000.\0001\0003\000\040\000s\000r\000c\000/\000A\000i\000r\000p\000o\000r\000t\000.\000c\000p\000p\000\040\000F\000i\000l\000e\000\040\000R\000e\000f\000e\000r\000e\000n\000c\000e}{chapter.5}% 188
\BOOKMARK [1][-]{section.5.14}{\376\377\0005\000.\0001\0004\000\040\000s\000r\000c\000/\000A\000p\000p\000.\000c\000p\000p\000\040\000F\000i\000l\000e\000\040\000R\000e\000f\000e\000r\000e\000n\000c\000e}{chapter.5}% 189
\BOOKMARK [2][-]{subsection.5.14.1}{\376\377\0005\000.\0001\0004\000.\0001\000\040\000F\000u\000n\000c\000t\000i\000o\000n\000\040\000D\000o\000c\000u\000m\000e\000n\000t\000a\000t\000i\000o\000n}{section.5.14}% 190
\BOOKMARK [3][-]{subsubsection.5.14.1.1}{\376\377\0005\000.\0001\0004\000.\0001\000.\0001\000\040\000c\000l\000e\000a\000r\000S\000c\000r\000e\000e\000n\000\050\000\051}{subsection.5.14.1}% 191
\BOOKMARK [1][-]{section.5.15}{\376\377\0005\000.\0001\0005\000\040\000s\000r\000c\000/\000F\000l\000i\000g\000h\000t\000N\000e\000t\000w\000o\000r\000k\000.\000c\000p\000p\000\040\000F\000i\000l\000e\000\040\000R\000e\000f\000e\000r\000e\000n\000c\000e}{chapter.5}% 192
\BOOKMARK [2][-]{subsection.5.15.1}{\376\377\0005\000.\0001\0005\000.\0001\000\040\000F\000u\000n\000c\000t\000i\000o\000n\000\040\000D\000o\000c\000u\000m\000e\000n\000t\000a\000t\000i\000o\000n}{section.5.15}% 193
\BOOKMARK [3][-]{subsubsection.5.15.1.1}{\376\377\0005\000.\0001\0005\000.\0001\000.\0001\000\040\000d\000f\000s\000\137\000a\000r\000t\000\050\000\051}{subsection.5.15.1}% 194
\BOOKMARK [3][-]{subsubsection.5.15.1.2}{\376\377\0005\000.\0001\0005\000.\0001\000.\0002\000\040\000h\000a\000v\000e\000r\000s\000i\000n\000e\000D\000i\000s\000t\000a\000n\000c\000e\000\050\000\051}{subsection.5.15.1}% 195
\BOOKMARK [1][-]{section.5.16}{\376\377\0005\000.\0001\0006\000\040\000s\000r\000c\000/\000m\000a\000i\000n\000.\000c\000p\000p\000\040\000F\000i\000l\000e\000\040\000R\000e\000f\000e\000r\000e\000n\000c\000e}{chapter.5}% 196
\BOOKMARK [2][-]{subsection.5.16.1}{\376\377\0005\000.\0001\0006\000.\0001\000\040\000F\000u\000n\000c\000t\000i\000o\000n\000\040\000D\000o\000c\000u\000m\000e\000n\000t\000a\000t\000i\000o\000n}{section.5.16}% 197
\BOOKMARK [3][-]{subsubsection.5.16.1.1}{\376\377\0005\000.\0001\0006\000.\0001\000.\0001\000\040\000m\000a\000i\000n\000\050\000\051}{subsection.5.16.1}% 198
\BOOKMARK [0][-]{section*.31}{\376\377\000I\000n\000d\000e\000x}{}% 199
